0 info it worked if it ends with ok
1 verbose cli [ '/usr/local/Cellar/node/5.7.1/bin/node',
1 verbose cli   '/Users/hd/.npm-packages/bin/npm',
1 verbose cli   'start' ]
2 info using npm@3.10.6
3 info using node@v5.7.1
4 verbose run-script [ 'prestart', 'start', 'poststart' ]
5 info lifecycle todo-app-react@1.0.0~prestart: todo-app-react@1.0.0
6 silly lifecycle todo-app-react@1.0.0~prestart: no script for prestart, continuing
7 info lifecycle todo-app-react@1.0.0~start: todo-app-react@1.0.0
8 verbose lifecycle todo-app-react@1.0.0~start: unsafe-perm in lifecycle true
9 verbose lifecycle todo-app-react@1.0.0~start: PATH: /Users/hd/.npm-packages/lib/node_modules/npm/bin/node-gyp-bin:/Users/hd/trainingField/todo-app-react/node_modules/.bin:/usr/local/Cellar/node/5.7.1/bin:/Users/hd/.npm-packages/bin:/Applications/Cocos/Cocos2d-x/cocos2d-x-3.10/templates:/Applications/Cocos/Cocos2d-x:/Applications/Cocos/Cocos2d-x/cocos2d-x-3.10/tools/cocos2d-console/bin:/Users/hd/Library/apache-ant-1.9.7/bin:/Users/hd/Library/Android/sdk/platform-tools:/Users/hd/Library/Android/sdk/tools:/Users/hd/Go/bin:/Users/hd/visionarity/kelvin-webapp/scripts:/Users/hd/bin:/Applications/mongodb/bin:/Applications/apache-maven-3.3.9/bin:/usr/local/bin:/usr/bin:/bin:/usr/sbin:/sbin:/usr/local/go/bin:/Applications/Postgres.app/Contents/Versions/latest/bin
10 verbose lifecycle todo-app-react@1.0.0~start: CWD: /Users/hd/trainingField/todo-app-react
11 silly lifecycle todo-app-react@1.0.0~start: Args: [ '-c',
11 silly lifecycle   'webpack-dev-server --progress --colors --config ./webpack.config.js' ]
12 silly lifecycle todo-app-react@1.0.0~start: Returned: code: 1  signal: null
13 info lifecycle todo-app-react@1.0.0~start: Failed to exec start script
14 verbose stack Error: todo-app-react@1.0.0 start: `webpack-dev-server --progress --colors --config ./webpack.config.js`
14 verbose stack Exit status 1
14 verbose stack     at EventEmitter.<anonymous> (/Users/hd/.npm-packages/lib/node_modules/npm/lib/utils/lifecycle.js:255:16)
14 verbose stack     at emitTwo (events.js:100:13)
14 verbose stack     at EventEmitter.emit (events.js:185:7)
14 verbose stack     at ChildProcess.<anonymous> (/Users/hd/.npm-packages/lib/node_modules/npm/lib/utils/spawn.js:40:14)
14 verbose stack     at emitTwo (events.js:100:13)
14 verbose stack     at ChildProcess.emit (events.js:185:7)
14 verbose stack     at maybeClose (internal/child_process.js:827:16)
14 verbose stack     at Process.ChildProcess._handle.onexit (internal/child_process.js:211:5)
15 verbose pkgid todo-app-react@1.0.0
16 verbose cwd /Users/hd/trainingField/todo-app-react
17 error Darwin 16.5.0
18 error argv "/usr/local/Cellar/node/5.7.1/bin/node" "/Users/hd/.npm-packages/bin/npm" "start"
19 error node v5.7.1
20 error npm  v3.10.6
21 error code ELIFECYCLE
22 error todo-app-react@1.0.0 start: `webpack-dev-server --progress --colors --config ./webpack.config.js`
22 error Exit status 1
23 error Failed at the todo-app-react@1.0.0 start script 'webpack-dev-server --progress --colors --config ./webpack.config.js'.
23 error Make sure you have the latest version of node.js and npm installed.
23 error If you do, this is most likely a problem with the todo-app-react package,
23 error not with npm itself.
23 error Tell the author that this fails on your system:
23 error     webpack-dev-server --progress --colors --config ./webpack.config.js
23 error You can get information on how to open an issue for this project with:
23 error     npm bugs todo-app-react
23 error Or if that isn't available, you can get their info via:
23 error     npm owner ls todo-app-react
23 error There is likely additional logging output above.
24 verbose exit [ 1, true ]
